3 221 76 252
3 216 118 186
3 167 146 182
3 0 27 84
3 234 86 83
3 36 23 106
2 180 98
2 33 30
2 179 124
4 65 191 291 94
2 116 223
3 296 82 251
3 168 128 59
2 54 265
3 34 50 69
4 108 29 264 149
3 85 10 278
3 275 269 47
4 87 160 280 211
3 41 90 194
3 184 3 155
2 164 271
3 249 287 274
4 99 281 248 270
2 212 97
3 110 207 279
3 88 138 178
4 75 298 31 153
3 103 163 215
2 80 119
3 72 239 71
3 4 14 219
3 8 109 67
3 7 39 196
3 294 268 131
2 148 243
3 134 121 256
3 162 5 1
3 259 115 233
3 159 25 2
3 286 277 12
3 246 158 112
4 299 53 195 145
2 203 190
3 24 188 201
4 133 254 250 9
4 210 28 42 130
3 62 295 289
3 161 241 292
4 127 26 17 183
4 13 122 238 165
3 260 237 293
2 276 16
3 136 282 247
3 220 177 206
4 92 236 66 173
3 95 111 142
4 58 174 20 52
3 137 101 151
4 290 202 51 143
4 227 172 283 176
4 193 96 55 189
3 15 22 141
3 218 64 154
3 273 185 43
3 150 81 132
2 285 100
3 225 114 37
3 107 157 152
3 74 6 297
3 144 197 288
3 56 284 229
3 105 244 266
3 18 140 46
4 171 204 255 135
2 187 170
2 263 214
3 38 11 231
3 63 199 228
3 125 73 208
2 156 235
3 261 89 49
3 60 217 139
3 200 253 45
3 57 70 77
3 19 117 126
3 198 68 169
2 213 175
3 267 61 123
3 44 32 205
4 129 102 78 257
3 79 48 240
2 245 192
2 226 242
3 21 209 262
3 113 230 181
3 224 40 35
4 91 222 147 104
3 232 93 120
3 166 258 272