23 3160 2332 6046 2135 1412 2331 8783 3320 4401 334 2080 673 7924 471 7262 5111 8881 1331 3257 8818 3098 6932 7194
30 5954 9692 1712 6699 8471 610 3644 6971 4864 3835 4591 8721 9043 5577 335 4389 9846 6558 8212 3523 3526 7169 186 9074 2691 5937 2143 5042 1864 7364
27 2822 6330 1348 3312 5855 5082 9856 4566 4263 5508 2891 6368 8066 6156 7763 5484 9776 7003 8973 3768 1107 3542 3614 9698 9991 7066 6065
30 2921 2198 5914 968 6102 4084 1740 6519 0 5570 5700 8652 3035 4002 6137 7588 2369 1887 7181 1523 3916 6401 1617 9603 1112 6943 2828 8374 3633 7460
33 5831 8183 5528 8797 7191 7383 5307 6341 1917 7693 5900 7610 7767 5405 5913 6174 7265 9421 2224 2411 7684 535 6896 5620 1455 7445 6799 8203 4271 3760 9615 7422 6906
28 7136 4796 8977 4710 6379 7872 1767 4736 4679 7131 584 1406 7099 8942 2462 2899 1291 3761 4920 9468 9433 8084 8935 9927 3816 9650 2134 1289
31 3117 5467 2557 5553 817 2841 7842 9477 9648 685 9733 3565 7345 6585 4425 777 7586 4177 3939 6343 6734 3600 4102 9146 963 4733 2261 1393 5526 1327 419
31 2820 9031 2000 9592 1554 2664 2840 6361 1759 4432 5142 5514 7334 1163 8231 7623 3463 3605 6306 1033 1710 5572 3793 4816 5217 4468 9886 641 5948 950 7533
24 9997 9446 8027 6516 2167 8924 3297 8292 9327 2725 7531 1919 7242 8124 6223 588 3621 9088 1432 9225 859 3274 2915 2668
30 835 1143 6879 276 8949 4144 504 184 9854 4652 4281 3955 3416 603 3063 6439 9264 9553 5799 1970 4928 2958 3338 6101 5709 2250 6832 2514 2467 2406
26 4506 862 4944 1398 5868 2468 3151 8263 204 4647 6238 189 48 7212 887 3371 8403 5979 6880 1570 7486 1800 3734 769 7934 2681
32 7833 275 7475 7449 6284 8178 5639 6163 6097 9910 7873 7989 8390 8807 938 4027 2181 6939 2592 9516 3935 7913 8408 8940 4320 5110 677 7789 6524 6830 8114 969
29 8450 5944 5966 5483 7482 5682 6676 4724 8025 9281 5279 9249 1097 6143 2056 1452 6175 3400 3204 2173 8304 2974 7530 3947 8393 2721 6573 4268 8816
29 2603 8698 1312 1818 2815 837 3332 6616 6393 9314 1248 8917 7039 3631 331 4423 6338 6353 5340 1043 9009 3032 7687 4993 1786 3041 3101 1522 4361
25 2854 3210 6890 5461 2914 2775 9229 9660 5100 7352 2643 5817 2546 4750 4648 8230 5893 7269 7389 1005 809 7770 5849 1665 7820
27 2139 8386 6961 9273 8277 899 484 9990 1610 9056 1564 3507 2833 2551 7075 8999 303 6443 5605 4225 6855 7600 4608 4384 6442 5365 519
32 9670 9360 457 3322 1462 7572 5157 4048 4575 5355 5474 2028 1182 1320 3819 8864 6846 5790 2692 5573 9779 2898 2816 8923 3165 5765 1997 4631 7166 2959 2371 9192
29 1959 2156 7539 5898 2252 9097 1198 174 1304 5366 6705 3515 237 9279 9763 6100 9794 2341 1645 5708 7095 7657 614 3081 2885 5586 8928 6952 5823
31 1785 8590 5938 2042 2048 1907 8681 1004 7751 2680 400 8215 39 858 7509 2671 7558 2485 4557 5272 9641 4863 3787 3023 2405 4571 5907 1369 870 7908 9895
33 2635 1833 9257 1751 3679 1499 9520 5525 5022 6128 1149 3500 2071 1158 911 6082 9 2300 8519 1931 8444 4554 2035 4022 3673 2553 3135 485 1576 2385 321 1367 1921
30 6933 6897 8952 40 7650 1794 8737 7592 2303 2646 1226 5480 8350 2004 8630 2015 6607 7438 3754 9085 7446 3270 1859 9198 983 634 3988 4643 212 5255
31 5260 3827 5908 6463 1422 5713 8594 1342 2289 6872 9087 1709 5768 4410 7130 9729 1511 4059 3325 7127 5602 7646 1284 6126 1586 4999 5538 251 8060 4962 3708
25 493 7946 6294 1148 8327 1681 5683 4116 5274 2846 6138 1867 4430 3065 3180 193 4118 8997 1729 8729 6926 1454 9894 1184 3334
31 7590 4634 1491 3987 9806 6677 1994 2334 6562 9220 9203 59 6460 1948 838 95 8295 8158 7143 2490 4269 9402 7658 7128 9713 9710 2572 8953 3083 7322 5453
30 333 5325 2550 1556 667 5520 5945 7870 7296 4117 1797 2100 8755 259 9367 2220 8422 2658 9999 3378 5362 1987 5814 7567 9201 7544 6311 4827 5551 6422
28 2098 3929 8399 2512 4480 3009 4553 2608 6309 7916 4158 4040 5175 2116 1642 3801 6841 2564 7428 2259 6346 6108 8853 5571 2275 8024 1559 202
27 6261 1415 3575 5151 738 8320 7866 3882 5763 7257 7267 986 6716 1866 2312 6724 1624 913 242 6281 1951 4138 2834 6184 8548 9527 973
32 7759 5326 3937 3579 3150 9322 4082 9121 2771 200 9420 4223 9007 6352 7532 2424 5114 9098 3552 4404 2460 3967 1090 6070 5437 6541 3706 3938 860 9573 9410 1596
31 2734 4581 8934 2469 3954 3347 8201 2337 4588 2835 5096 4658 345 4743 7363 1616 6884 3419 1265 6685 8930 2455 1208 284 50 1811 4459 1428 8771 7165 9212
30 6599 6891 2090 416 4318 676 443 7406 6752 8649 1020 2629 5689 1744 8149 9707 369 3043 2488 8419 9532 727 206 6986 3351 3196 6762 6217 7187 2451
31 3060 9166 5310 2201 5901 2591 2797 2039 9260 3794 3454 1698 412 8883 8780 5737 5755 884 3408 2362 4211 7548 8101 2865 9291 651 9080 2119 6960 849 6014
29 2446 929 5041 3333 9130 6444 7974 6643 2908 8322 5879 2260 9072 8352 4813 6502 3470 1376 2128 1591 5099 5025 6909 3588 1316 2088 6266 7839 4771
32 2234 3076 3119 446 7744 7986 2873 132 5875 2728 9781 1301 6033 4952 832 1517 9292 8764 7622 8425 2420 847 8600 3561 8852 3352 6222 9912 6988 5092 2530 7540
29 5454 9960 7606 5965 9702 6922 8937 4828 7111 465 7407 6582 4511 8915 2032 1713 1225 2246 5431 776 579 8252 6317 6688 5459 1601 2814 6656 9418
31 2922 7337 1807 69 6563 768 9394 6470 4003 6606 1630 5890 6010 3806 9252 9564 4496 4043 8107 9337 2676 6243 6089 4036 8520 9863 6041 501 5712 5915 5707
29 2772 2496 8903 2140 7603 795 7086 1770 6218 987 7522 1988 9158 9959 9877 1848 755 3822 9294 8570 5892 3221 6489 5158 2731 617 7841 5044 5885
29 8033 1764 3361 5247 5207 6000 5671 4137 1167 7202 2176 5322 9720 6999 1214 8752 2204 1598 2327 444 1366 1230 748 3002 5599 4490 9398 2075 3080
27 8103 5030 534 3005 6177 9773 6566 7028 7405 1676 4504 4992 6945 9666 6594 6009 4738 4475 6140 1696 3613 1974 3946 7677 8744 4871 75
29 4172 4447 9336 3339 9632 8261 5436 630 2574 5390 5856 2760 1460 9300 805 2464 7909 2111 8414 5841 7479 7535 5995 6782 7616 3457 2481 5033 7162
29 5634 7984 8431 5127 2141 515 456 3486 6744 3130 3850 2651 2548 2852 1952 7953 9196 5590 8321 875 2277 7085 4729 316 1685 2095 6921 6320 2791
29 6428 3611 476 4068 8841 3696 5229 1203 8488 902 7078 373 6954 3121 6735 2967 4669 2130 7889 4836 5655 5139 6923 4296 5819 1333 8596 6842 8879
25 7245 5941 6664 4050 4005 6779 8532 4885 5509 7188 6612 3382 4226 7172 4149 5081 6336 438 4668 6903 113 3111 7521 9071 9914
26 45 5262 3833 4769 8204 5318 792 9395 6186 1032 9839 4316 7388 4598 917 1840 9525 6958 1180 136 9377 7713 3207 6883 9161 1778
29 8854 3181 810 8717 3764 8992 2439 209 8914 4370 6233 3110 8552 2066 5664 5606 9290 7081 5131 763 4216 5339 8905 3688 9020 5275 9438 2007 7690
28 2368 7566 336 1597 304 8726 6244 9133 8441 7671 8617 9704 71 3585 2342 1221 6802 180 6087 1296 7736 3577 5686 737 7731 4592 3970 5470
33 9475 1938 553 1275 432 4655 5990 7016 9909 185 7338 5168 3487 1309 4914 6386 2984 1830 9830 8217 1240 1058 2628 269 9945 632 4584 7738 5471 2616 3645 6546 4275
31 5679 9688 3051 2767 5448 3537 402 2738 4465 4229 1011 6183 8659 5974 1308 4148 3599 9103 9509 6775 9199 1384 9649 8951 9101 374 9865 7705 2067 6061 7063
28 3042 552 7864 4249 9241 5188 8831 8423 8040 4201 4892 3629 4011 604 1567 9469 1351 1623 2402 1748 104 9472 6560 5342 1266 368 3957 9643
29 1666 766 7894 5005 6485 8913 3558 5760 3648 7062 1986 3603 8437 1972 2817 920 131 2110 1213 4670 1157 2159 7562 10 6293 7281 390 7926 8265
25 5266 9718 6754 2353 1795 2677 2782 2745 7927 5975 6364 4460 1166 4667 4578 2151 9513 370 347 2317 4848 4510 2510 6673 8768
27 6440 4801 3632 4632 7351 1776 2058 9456 8920 8389 9870 2286 5964 1489 680 1409 8175 618 8900 7550 8809 2612 2197 3661 9788 8225 1185
35 3039 8579 188 2304 1608 9980 208 3804 690 2794 2562 3144 2943 1723 9677 4428 3449 8675 3888 8168 112 6850 5098 6058 8692 3969 8091 757 4449 1375 1626 9613 3653 5507 8805
29 6613 1062 3302 3762 785 9831 4730 1865 7931 1852 5413 4028 7596 8989 1261 4368 1439 6204 1611 2045 2871 4029 9450 399 8516 5859 4540 6173 7010
27 2440 1425 1779 3702 9489 8609 6389 2233 5425 715 5791 2404 3446 2251 8221 8587 1806 279 4206 797 4403 814 5633 4913 3106 3188 8618
28 6198 9561 4951 563 2755 8910 6007 1411 3715 6711 7328 7282 1490 7919 2739 669 2387 8614 1581 4924 3809 4013 9063 8363 3406 3719 6542 6090
25 1434 5233 61 3 4976 8957 3489 4193 2509 5124 2389 9160 7035 6611 716 5043 2473 3445 6031 6679 5337 8043 4995 5280 5561
29 1179 5955 3460 3519 6374 5705 7719 5457 7869 363 6263 8369 5694 6763 8963 3941 270 1918 5239 5393 5927 5494 5089 1086 2393 8409 4058 7996 6479
28 8019 2765 6785 6655 9175 5585 9915 2838 3647 9658 3813 3364 9871 3303 5135 4488 5541 2660 3031 9226 3497 7140 2905 4907 1209 7107 5618 8180
31 156 2414 4878 8080 9042 2578 6211 8454 150 8460 6277 868 6449 7370 8332 4851 254 2889 3013 4143 6505 9026 8456 7520 9576 9805 8061 1255 3468 6974 6576
27 6812 5595 8003 2756 8530 3164 2053 1547 1160 9289 5045 6914 300 5219 5581 9325 8310 4372 6870 5328 9108 2991 891 8484 4890 2157 6202
28 1711 3693 5206 5387 9790 7488 8285 9172 261 8689 8213 2325 4147 3003 7656 3418 7585 268 6064 4778 4203 8102 5981 4681 8567 8559 5609 5178
26 1134 3179 9131 5534 1562 9055 8741 5969 3340 8877 9689 9218 8842 4317 2949 6768 2453 1356 8635 4336 5946 3214 1396 4352 6947 7722
30 5876 1377 5475 7253 9816 3118 7349 2435 9451 7709 1622 5488 3543 9845 1507 9712 7564 5447 2447 2839 3732 6004 7749 8079 821 1716 547 2907 2952 7936
31 1566 7229 9957 6461 450 16 4739 6027 9745 3745 4110 3608 5083 709 4074 533 3102 2307 6827 3485 2861 5656 3864 4362 6569 4411 9045 4791 3472 8314 9604
28 2758 23 3656 9797 7528 6844 1222 2310 6675 7664 161 7766 9372 4930 4723 4167 6111 407 5884 1845 3052 5544 4283 6 4381 3993 1027 9700
28 5959 7186 7251 2614 1515 8958 1541 1895 8974 9562 2986 2382 2171 3026 86 9323 3253 3714 7571 867 5264 8065 828 948 196 7900 8298 3059
31 9151 5801 726 4996 5128 1505 4587 5796 9565 4589 4577 2078 2857 55 1314 9359 6448 611 6106 5399 7168 6458 2621 8428 5286 7551 6408 7386 287 1399 9941
28 5604 5241 928 5308 3275 8111 1151 5878 1039 83 3490 4132 3759 2666 6837 8867 5252 9534 2662 562 6158 7480 9342 6415 5489 8412 5273 2103
27 9861 1339 3099 2752 4001 2622 3001 4089 789 1360 8815 4215 4551 4414 8837 440 3549 4846 2831 7451 5011 2302 9978 6490 6823 8132 4014
31 4467 8267 4989 5136 5156 3682 2186 3455 7430 1344 5253 6740 8944 3791 4127 223 1321 3700 3786 5746 5825 8291 549 7640 5807 2934 7490 6838 6360 8353 7854
28 9832 474 6796 8547 7790 2770 2266 9848 9491 4306 2513 2397 4379 9365 844 4146 830 2174 3900 7113 1129 8648 6201 5569 3308 1001 3048 9138
30 9738 724 8339 7335 7481 2051 4175 3703 385 2744 8793 8483 5314 8861 6951 3828 1171 1173 5013 7103 4972 488 2461 1183 149 616 7852 2781 3554 7264
28 8725 596 8851 9039 1124 3238 9242 7538 6409 7812 9067 1206 4823 8661 3011 213 7196 4164 5415 6555 5607 3521 4369 1119 2170 3289 6737 6135
28 2863 5934 2940 9129 9590 6866 1725 8289 199 8691 2413 3853 8667 3125 424 4686 6641 8521 5873 1108 6260 6717 9778 8487 8619 1791 9481 531
29 7080 1893 5511 5109 5826 4629 4183 5424 7541 3341 4334 6862 8106 2877 9287 1853 6134 5485 5419 8233 2580 6333 767 8474 464 7106 4683 7885 3436
31 3883 3505 2769 3367 1293 5580 9461 9885 5547 8214 5811 6178 3584 2165 178 2869 9214 4865 6417 8839 348 8825 9479 3977 932 889 8658 3931 5635 5473 7414
31 2150 9814 1424 6959 2244 1560 6912 3335 3604 2142 3784 8988 3986 5309 3435 3321 8109 169 9297 1584 3261 6571 6165 3200 312 9766 2308 6074 6269 9607 98
25 691 3235 9635 4442 4009 7087 4358 8036 6331 4262 9090 8976 600 5072 5731 8133 8921 6875 3217 8467 6465 8174 2866 8918 9841
30 7318 8299 7494 8850 2396 1264 4903 4597 8828 8238 5059 7213 2314 1482 3401 7018 7836 4541 4595 4899 2733 7669 880 3841 4664 5725 5344 8978 8898 63
28 3516 5889 5462 961 2930 5224 2298 2136 9149 2955 7824 8769 6811 7948 6453 6466 6792 7826 8662 707 8998 783 9620 7923 4561 696 2155 3232
26 5455 2086 5069 487 4415 5896 7691 9078 2318 9126 3262 3055 3839 4098 7493 66 5248 4572 9711 2196 7224 1995 6324 2737 5513 2288
29 7678 9727 7329 1175 3283 3667 6686 1326 8511 3434 8605 8446 9185 2348 3886 8028 17 6682 6937 5663 3726 3627 8985 2638 7477 575 8945 655 6843
29 389 8207 7496 4717 653 232 6359 2601 6084 8055 6856 9952 2923 3134 6291 6147 2206 7514 2113 7943 3751 2180 8427 8838 8535 8981 3962 7903 2582
26 6130 8394 6416 780 4053 4278 3348 4194 313 3484 4344 3686 3132 7271 7206 7079 4837 5338 6700 5961 8772 218 497 4461 2810 6091
31 8980 5492 6234 1855 220 7467 2917 7745 1516 3506 933 567 5118 1056 3894 7088 234 5268 8529 9077 2910 1006 6349 9684 8075 7972 5261 3057 8774 2936 5517
29 2995 5160 159 2330 702 2003 5416 4942 9939 5821 7190 1557 1389 3095 3609 3616 9507 5040 4780 6777 8181 2356 5319 695 1714 480 2516 9782 1793
27 9058 7613 9646 3126 338 4076 1368 2247 3887 4272 5951 8507 4343 3723 2695 650 608 2081 142 9496 7360 4705 262 516 1697 5320 1766
27 9053 1573 9037 2693 4006 4622 6520 5867 3427 565 4431 1880 9228 7620 512 5505 3113 1502 7783 1605 5141 5243 6981 4297 6028 3030 7153
31 187 4107 5555 3921 8745 2253 4018 221 236 6522 1354 9634 8222 7459 8279 9588 4328 803 1246 7964 9125 3413 6723 8739 4042 1943 8893 7435 8092 6121 4329
29 7643 1060 5213 7922 3350 2358 6826 8577 8528 7651 5647 5404 7237 5330 9617 2043 3193 6689 1190 4159 9834 9691 8632 4222 3717 378 4556 283 7348
28 3190 7511 4503 7060 9428 4307 2313 4799 4457 1680 4818 8967 6728 6060 9326 7124 3409 6315 5980 3475 9938 8344 9539 9069 8979 3668 1738 4188
28 3183 4980 4169 5134 9416 6242 3272 3100 2960 4833 5395 4402 877 1029 5067 6323 2663 4653 8656 2543 1232 2987 1337 7518 3355 8236 9100 2565
31 4904 5149 1140 6032 7144 4567 7464 8572 2950 1707 2525 4691 2011 2124 3124 387 8482 5947 4776 5056 5989 2271 4439 9341 6066 2796 3710 6377 5432 362 3082
27 3425 5049 5545 906 357 408 964 9619 7629 3379 7275 527 9280 1873 3963 5627 2975 1101 2880 7274 5518 2294 3045 5593 371 2809 6413
29 2717 2381 8983 3903 3811 629 2218 216 5587 3654 1269 4732 2184 109 2657 1068 3672 4492 325 2131 5335 4154 217 9514 3800 1115 9164 1875 1648
29 7849 377 7787 128 8624 309 7203 3326 794 3675 1849 5501 4873 2408 1483 4779 5943 3047 3085 7023 8525 1463 6196 7905 2491 7970 3421 6142 1199
27 6885 6980 1113 9385 404 8615 791 6446 9798 6697 5018 9187 7860 1914 5214 9630 8333 801 4886 1922 897 372 9034 5196 5736 6647 2149
29 8232 4701 6475 2963 6073 1282 3858 194 2243 2867 4582 2720 6192 8142 7431 815 4737 4522 3790 179 5194 8361 7904 1628 4416 2505 7089 5361 7492
32 9822 4830 9447 314 9236 1053 8663 9302 513 8646 3770 4931 7876 4990 5290 3368 866 3657 4033 414 3329 7582 6984 4245 29 7354 4061 566 8228 6094 4963 9770
25 6340 405 1924 8130 2212 6049 9943 6312 1317 8358 6707 2276 231 6072 4955 4946 8571 9429 4711 4041 8485 5402 940 7861 4866
25 6430 8607 4303 2874 4217 1178 4355 745 7748 7597 6069 4728 1303 1352 6380 6403 3596 4842 6589 4308 8962 787 1361 1079 4037
28 7851 7343 9951 2506 1715 1760 3917 1944 4341 4124 4882 2465 2682 1392 9757 5643 6079 9981 976 6193 3966 7145 9004 3527 172 2444 1177 9346
26 3448 9157 9104 144 8052 5244 8072 6267 2161 7614 7672 8536 3926 6208 3437 3576 1565 4649 1332 4968 2374 6751 4702 2268 3956 9404
28 6056 1204 2241 8592 2012 6790 3680 6727 243 5407 6800 7387 4383 5579 4617 5477 4525 912 3539 7403 146 5088 1731 2046 2627 467 8574 411
32 8172 3665 5721 6889 931 62 1487 5353 9183 7483 5822 9376 452 9979 5803 4601 782 895 733 4106 5385 2602 7821 8359 8010 8188 6053 1281 3649 4518 6513 4131
27 5371 6488 4099 9139 6464 8494 117 9808 5121 3825 7877 5073 8560 6540 1272 2972 6487 807 3357 317 7619 2926 8846 3583 2441 1991 4767
29 2870 3198 2793 6623 3373 706 6710 6295 8274 620 7037 8191 8337 7696 5220 3896 4549 7932 7027 1582 2787 765 4971 9503 8747 6577 5276 6680 233
32 9145 3832 6610 2855 7698 1756 6313 9825 8756 5010 8398 6329 1749 9502 4295 2675 6544 9609 2753 3574 8313 6839 3965 8280 708 5300 7074 442 6667 3467 119 1868
31 2223 1387 7042 7230 678 2106 8911 1836 1883 5906 7355 140 8094 143 8650 5095 2034 5287 8041 19 1476 1534 1989 2072 8527 7730 240 24 3769 1627 5193
28 2584 1788 687 9804 7543 8584 8410 9380 2175 2892 1872 1168 6552 8826 557 9547 1736 4094 4826 1075 1159 9259 6858 2559 6181 7246 4345 9204
28 5254 7545 3027 3172 4607 5949 8417 9795 9231 5659 5597 84 2859 5782 7112 7167 758 4310 4860 4876 4024 9602 3438 8779 7463 1615 9403 582
31 4114 1691 6231 9095 4627 6286 4385 848 9976 2050 798 6581 3730 9261 2704 7757 8242 1632 7578 7093 3666 4464 8735 3294 4267 5009 3936 1385 3664 8539 8932
27 6975 3247 5031 9956 2747 1236 3420 5838 5023 1349 9247 5137 9233 9935 4814 3571 2754 9237 3296 4075 6907 7617 2345 2123 4135 1551 9837
27 9141 4338 477 627 6822 8381 3934 3683 290 521 8956 710 9844 9024 981 6861 3109 7433 935 8806 7665 3910 6713 9563 7837 2267 4087
27 6096 90 1186 9352 9076 7667 1414 7768 7755 8593 6574 2935 3310 133 5994 5426 3499 8757 9922 9016 1357 2025 3687 7807 3958 5991 6172
31 1111 3720 3972 6871 7976 9391 250 6874 4444 6276 5119 9173 1069 4835 6601 7258 337 5409 7673 4470 285 9896 7634 2377 18 1378 5549 4895 4353 1212 1635
30 3660 5837 8523 2836 5815 7232 7721 1592 9182 720 1679 6531 3863 2887 7308 3390 7298 2237 8713 8534 9266 5078 9639 4000 4979 856 1474 127 936 2528
30 4891 5524 6683 8297 5997 5148 163 1996 2613 8486 9690 8067 4290 5024 1091 7344 8762 183 8029 2029 5977 8457 2486 2566 1017 1237 1937 3979 6189 2783
31 7320 9248 1196 8586 9636 7957 4703 5223 1485 9270 7955 2735 2020 1126 922 6450 6048 4843 1763 744 1480 853 8748 5155 8802 8749 4698 8070 4354 9431 6588
27 2600 6214 3316 9123 1659 5052 541 5496 8668 9332 6367 9411 8550 2593 2568 1640 7832 1649 6219 1984 9333 876 6593 2626 6506 8240 4690
27 295 548 1860 7116 8266 9585 5177 420 1792 2062 8832 2092 6484 5716 2287 8319 5389 2164 1823 5697 6095 3223 1019 818 6013 3173 6732
28 9191 7313 5097 7397 9019 1267 2401 4282 5176 1310 6188 2097 9654 2416 1458 2256 2740 6512 7425 2192 6118 6391 3712 7306 6828 2329 7978 8392
25 6781 8835 7421 3867 8820 6753 6221 5053 5490 3146 5441 4986 7725 802 7221 2492 5034 945 622 808 6086 192 1295 9152 7272
30 3636 8502 7222 227 2228 1390 5499 7598 841 5976 168 3277 258 9792 7012 7069 1906 248 2639 8524 3924 1110 9977 3141 4020 7856 1672 7294 4111 6405
30 4967 612 554 8565 7151 6580 320 1258 425 734 5440 778 4376 4180 7882 3287 3805 9928 9316 6314 6468 3874 9205 1527 2667 6002 6303 3474 8819 960
31 3353 3562 9826 4091 9891 4186 3851 5925 3513 1871 3229 7082 529 3705 751 700 8498 2445 4493 9480 5267 1561 5722 9744 4427 9374 8788 1765 9687 8941 8909
29 5482 3025 5195 3953 7485 8006 9892 2403 9178 886 5963 5347 1147 4160 7859 6743 2283 6807 9587 7070 7599 725 9789 2285 1815 4532 2487 4775 2423
29 3187 8653 3385 4034 5574 4788 5170 9554 2832 4483 413 7032 8145 4294 4862 5842 2631 302 5617 6127 5891 3617 137 4613 2953 9517 9765 7123 4576
26 4611 8545 1437 4067 4046 3177 4718 33 4083 1089 1419 6927 7404 6187 3889 7615 1088 2929 4879 4233 4563 9819 6011 8218 2968 2994
25 2849 1942 1014 1325 879 7158 5670 3465 5090 5068 9970 1799 924 3377 713 8860 904 9465 6957 9062 9569 2434 9025 3148 9555
27 820 816 417 3264 1890 294 5167 800 8262 4726 4544 2044 3695 4417 7184 6621 1781 595 6967 7959 458 1153 8811 7121 7223 4512 2678
31 9581 8364 2418 5566 7769 949 5138 8673 3195 689 1242 21 5036 3670 8824 9303 1621 1719 418 381 2270 4405 1945 3676 9657 6899 9253 2422 806 5543 5002
29 8598 1568 8657 910 1745 4697 5863 6738 5406 1602 8794 2255 8558 1929 9381 6629 2484 8947 5630 7627 3053 7197 7220 1580 7413 65 8317 3529 7234
28 719 7735 6720 1036 3278 7177 4495 4394 2470 3481 7472 9529 9029 239 1046 8597 1673 211 9920 9578 4537 3224 1728 6308 9474 8290 341 85
28 7138 3581 1038 6595 3694 1152 397 9864 888 7097 9375 4440 3290 2686 4637 7378 2292 9929 260 9357 3358 2884 7644 5391 9586 8585 5021 1099
30 9392 6982 8543 9224 9974 393 2853 5401 7670 9500 1548 7432 5830 7150 8338 8355 8200 1858 2319 3776 1733 5563 346 1311 1347 6660 6901 3226 8167 5638
29 3016 7901 5557 6600 8049 9772 5351 7359 9949 7661 9857 4266 92 4288 8688 1195 1656 2598 9271 118 3591 732 5985 9099 990 5372 9349 4063 4300
30 6507 688 8971 1983 6756 4248 5706 851 3803 3905 431 7743 8224 6318 6693 8899 3981 8148 4623 7292 4787 9518 9386 9638 6355 3838 4287 5926 9388 845
28 5588 5336 5209 7309 8885 4200 908 3033 365 3520 1477 1688 2122 9651 428 8796 214 4693 505 9156 9597 9234 7303 298 3369 3906 4585 8694
30 5832 1846 6778 6459 2137 970 6369 22 6550 1370 6795 1694 9780 4906 3456 1188 1457 1876 3639 1789 4299 6054 8703 959 3861 1686 4196 205 6955 2661
29 8141 4049 7216 6765 5940 4933 4096 3203 8154 1532 257 7776 6454 2818 7884 3477 1496 9409 7975 6788 4982 5452 459 4746 7396 4735 6776 6264 4916
29 9106 7179 4568 9756 5263 6348 8834 7227 8588 3774 4945 3020 1262 6426 8190 4656 8116 1903 6307 6285 4073 9449 4624 8112 6745 7478 9829 4526 7049
28 3249 7235 89 6474 3266 1095 8790 4315 356 2931 3392 8813 6429 4603 1494 1726 1122 1613 5038 2726 9965 8557 4155 44 2712 6271 5681 5211
29 681 5147 5334 2777 6117 9033 9777 5744 1735 8004 332 6648 9655 4749 2939 1070 6282 1469 1 6120 3433 9171 2002 8449 1874 3930 3663 4685 9958
31 2038 1817 9868 5529 9735 3731 9599 9583 7046 5749 5983 6997 5847 7290 3175 1114 6714 9671 7632 2650 4731 9048 1687 3498 2383 2104 3015 6358 7553 224 7207
26 6570 2766 2933 8936 2701 1373 107 8458 5904 1647 8413 225 3441 8882 7200 4740 536 8271 9693 5871 1072 3699 3084 1181 624 3143
29 327 7256 3171 9930 3412 6703 4478 87 8325 203 4687 7838 7846 8015 57 3301 2798 2299 7133 4301 7874 5762 5381 5677 4688 882 7965 1235 7260
28 9351 9213 1909 5598 9147 2129 1525 3086 5397 3546 7928 3284 5761 914 3897 5806 7476 8303 4330 1755 9682 7897 8247 1762 587 8105 5029 5107
28 701 1595 5917 5895 1465 9549 8012 6817 4325 576 8391 1329 1742 7589 1418 1885 8871 4113 4054 8491 4513 6067 885 2160 7154 9947 578 7555
30 1826 2191 2803 1365 4481 3462 3744 9165 3741 6538 8627 2061 4520 545 5905 339 6375 6998 9169 4534 8537 1400 7506 5888 6602 4927 9542 8792 1739 2504
30 3592 7793 6992 502 2570 4715 3391 9708 6859 9437 3777 7450 7059 9739 6129 3054 1052 4700 2231 6110 3789 8071 9306 8433 2751 6366 7951 8743 9015 1445
28 7674 1752 2069 8464 7845 6622 2232 4289 3166 7950 9855 8666 6741 30 4902 222 3359 1231 2208 28 469 9181 2427 3239 5809 852 1136 8395
23 5835 3452 1670 2599 3671 5596 6274 5343 8330 2355 4713 3674 1057 9471 500 8161 7797 1843 7902 5232 1881 2895 4789
26 4115 5324 4803 1558 7381 4069 4472 1253 4929 648 2370 1701 831 4230 1391 7236 5631 9566 9245 2588 2065 4026 8986 6149 4712 3504
29 586 3860 1956 9787 6382 4476 8293 4221 74 1219 2558 972 3846 5332 9008 2982 9400 56 9405 1471 9946 9926 1658 1669 9924 1798 8682 9330 5392
31 3440 9858 3496 7173 2526 1985 1138 8968 4640 5568 8505 3147 6182 6414 2193 4970 8702 1741 3773 4725 5283 4528 3593 2117 2978 3948 6503 6881 1106 1990 6301
25 1408 9460 2524 5456 1133 2096 5510 597 6820 4519 115 2500 1771 3525 6302 5672 2449 7092 7512 857 4984 8165 4793 4339 4875
28 7782 2091 6347 1407 7742 8701 1674 7054 4454 8211 4241 6651 9135 2730 4855 4335 645 5773 8300 2023 4007 9574 2089 3995 5515 8117 1891 7568
29 4182 3765 3260 9408 3836 2301 1932 9954 5028 4657 7443 3622 2944 1358 3211 6698 6758 1702 6270 4220 4755 2669 823 5521 4228 3796 9383 6390 2630
26 7277 4433 9606 9899 343 308 8256 6162 1519 7284 7076 3721 6471 6545 6924 324 8827 1901 723 11 8323 9878 6169 7997 4097 7688
33 8044 7096 8143 8324 6283 9629 2138 9407 5218 3037 5769 6708 4130 5000 249 4925 5752 2278 8196 8420 3945 3788 5626 6825 2655 8088 6248 8637 6495 103 3349 2804 9969
31 3155 9246 1364 7581 7416 3411 7286 9540 5163 5105 8912 3398 4921 741 1044 5909 1453 4112 1973 8495 8331 3282 8785 6733 1506 3066 2533 6704 3345 4254 7756
32 306 626 8969 2858 7295 4628 4975 2238 5512 1081 8894 7108 510 8686 58 3108 6166 6977 3231 7563 8580 9105 5933 542 1500 4326 2328 8241 6447 9731 4881 6632
30 8078 839 7982 2573 9751 4636 6551 7915 4004 2722 4898 7009 9010 7233 6904 775 6905 9017 591 7211 1251 6455 1912 5017 8736 2749 2400 2213 8715 7649
31 8858 8961 4751 7516 3259 8714 9329 9184 4025 1971 7816 9057 8509 965 4434 7912 6124 4911 7710 5421 6081 770 1443 5408 3943 6929 8244 8305 7966 2456 2480
26 8544 9136 5942 5171 5051 473 3780 3785 8260 3982 855 6757 7499 5174 9551 967 6913 3739 6840 4150 1305 8164 5491 1211 4635 8670
30 3873 7918 8513 1964 3380 4867 7239 8478 6750 2654 4153 1003 6996 7307 5479 1336 9726 4894 3915 6831 4849 520 5225 4531 4517 4619 9423 2620 9995 4605
28 9601 7047 8073 4 3050 1055 771 141 5293 7291 2522 5327 6310 7288 3061 6895 1488 1117 4654 9162 3738 2764 4651 8308 181 9774 4897 4821
29 3216 1734 4660 5516 5654 606 2450 6553 3532 5055 4178 1023 3356 3893 947 3067 5741 6695 829 5858 8064 9114 4121 25 517 4872 8187 8443 7652
31 3491 3492 1896 8166 6936 60 2013 7607 8679 9725 252 8655 7875 9821 9222 7973 1451 4258 5567 2333 9911 5469 8069 8508 9176 3848 3909 4552 5591 1503 1773
28 1579 7781 5984 5153 3524 9268 2126 8500 2158 8728 5350 3314 2017 9217 1504 6350 5295 8259 3638 5103 5754 7034 6342 4783 8810 47 7593 8887
27 4523 8039 8568 5583 1862 3306 7442 5726 813 6419 2207 5238 9983 5200 5048 6696 903 5331 524 1335 921 7895 6339 6916 5844 4502 7774
29 4119 5645 8447 8170 34 6402 1250 5883 1131 7065 5861 2068 5106 1144 6701 3747 9050 9295 4202 9614 6803 3658 6774 8685 9705 4237 3826 5562 9982
26 2586 2795 3324 4219 873 4795 9272 36 2132 4140 4375 5874 5720 9616 3650 955 3046 5920 8452 6514 8357 6636 6289 121 9347 5284
28 9180 1599 4543 498 130 1241 5126 7117 7163 8493 8602 997 3241 7809 3152 2821 5493 4498 8608 1510 1200 4810 1497 6478 415 1486 2291 3570
30 3831 7855 9075 5472 896 6876 930 2409 9415 5802 7784 5070 9089 5292 4546 1530 4125 8480 3473 3255 1569 890 7263 8556 8555 5032 3161 3381 4418 2980
31 3766 4397 9747 1139 273 1600 3755 5125 3480 6300 2595 6210 3563 9458 5075 6462 9483 1169 5236 3222 1803 6608 1274 7252 6887 9065 652 5559 2985 7315 819
28 1813 6152 6092 5999 9761 2801 2410 2989 1233 1444 1319 5198 4943 2060 5982 5037 9998 326 495 4626 2240 7301 5016 2203 1446 7371 824 3870
29 3709 8504 6857 3951 171 147 1299 5748 6630 5222 1493 6025 2811 2617 4276 1783 2290 5498 7285 4429 8209 6592 8104 9661 1682 7152 2008 7806 1651
27 1999 4574 3899 7084 4286 8651 91 3429 3176 532 1589 2842 6399 2615 5346 2653 255 2229 3569 6529 6662 2284 1878 2211 5256 8151 7899
32 3922 7704 7439 1835 4910 8549 7185 1804 6994 3821 7038 7268 9862 1405 5451 7663 580 7853 6521 4610 2690 4604 165 329 9369 4265 4255 4877 1705 7174 6133 6441
26 577 811 8781 9559 2352 6304 5303 4734 3156 2802 1002 7560 7962 585 4839 2714 7591 3142 5271 6290 4790 7289 5936 5285 1851 1298
30 8786 3856 3044 4126 1276 7022 3854 7489 7392 9851 4031 3637 5550 8448 7712 1553 6706 3512 3056 8199 7098 122 728 4173 2079 8576 1594 1010 282 9741
29 6042 5370 8366 6151 5668 3291 2166 73 7412 6652 4562 9973 8159 1524 2606 8334 8601 7681 6334 3594 9701 3792 1078 4409 2115 3354 6012 5928 6279
29 7653 8730 5952 5237 460 6278 971 5396 5439 3212 1668 7830 4090 3461 2326 4614 9426 1941 1743 3093 2471 1501 4012 7125 9030 2829 518 3071 4184
31 8424 8121 5771 1746 5794 3268 5423 3443 5433 6747 5159 5012 3402 642 9179 5306 539 3271 6644 1495 8171 3414 8340 6047 8888 2177 8032 6972 8270 4708 5486
28 3875 8546 7979 4535 7867 6452 9961 2748 5772 2919 8122 6590 2610 8512 1249 2757 834 8671 8496 9656 8411 4039 5764 77 2093 3120 1350 8385
28 526 1824 5503 665 1049 5102 43 739 4958 8147 4869 2705 3415 2645 3096 9876 3370 6396 6965 9749 5623 712 9948 4360 2779 1071 2349 5674
29 1808 1468 5865 9079 7519 7723 2018 4621 6236 4900 6824 7536 2656 1176 7043 9996 6565 3319 2700 6604 9102 8014 3713 7647 574 3872 8360 5690 2894
27 9413 1191 5113 8566 4560 3716 2154 7513 6764 6515 8677 9664 3795 2761 5767 9355 3641 3891 6736 7255 7827 4176 1930 8845 8037 1954 7559
28 5014 3775 6819 7707 1631 4948 4692 6559 409 8131 9593 5661 7740 1774 2970 274 6653 9262 2022 2361 7017 1328 5660 621 4680 5621 6537 4331
28 42 4994 1675 663 3610 7299 7369 4545 4413 51 5584 7068 8844 9434 9923 9681 9011 2379 6195 3466 6894 1902 6241 3998 7542 2189 5050 6511
28 1717 6543 5008 3501 874 850 4573 4694 4044 2947 1228 76 7321 3646 4477 3137 8996 3884 772 7547 7198 3990 7461 7228 235 1967 2099 2217
26 9168 5613 3640 6237 9625 1093 1009 901 5843 360 1889 2913 6510 2893 958 7626 4056 8 201 6852 5085 8672 4954 953 3555 9932
28 8220 3104 6154 4808 2459 8053 9096 8711 7526 9310 4527 7942 1215 9311 5202 6362 9276 8804 7325 6886 5358 8965 7453 5813 2904 5257 4747 6148
26 9049 3968 7395 6258 170 9150 9721 6099 8264 4264 9545 2685 909 643 4365 5531 7570 7762 9512 2222 3133 2454 3157 7008 3868 2623
30 3387 9887 330 4327 1737 721 1639 9622 3192 7680 2909 7906 2178 1244 3393 3389 2708 7630 6326 490 2997 4806 160 9905 3450 9208 8750 9866 8753 8636
27 7418 8128 6729 4458 4777 1604 3114 106 5369 974 8808 2826 1459 1467 9299 6786 649 3007 7372 8173 5558 9022 4905 8197 8195 2556 9558
31 9159 9740 9202 9304 3620 1283 1238 190 8904 2457 3494 5291 3635 6915 1170 2540 1832 3895 7353 2521 9867 72 7971 9840 296 1978 9679 4346 6332 7697 7718
30 4078 1492 4166 5564 5881 2430 5797 2918 1898 9499 7580 2280 2120 2121 5993 2114 4761 4727 1950 1910 2742 9013 6579 8742 6769 3208 581 6397 5970 2016
24 175 9445 7708 1822 4195 979 2375 5759 3185 5704 3330 301 8722 8135 7733 6526 3365 4445 9849 7683 749 8895 9188 7502
30 6423 94 5653 7244 7579 1239 4104 7605 4758 1207 8628 8878 8035 2560 5971 6104 7210 840 774 3342 1438 1381 3022 7857 4593 9353 3092 5789 3808 3810
26 8995 9594 9589 2205 7890 2168 7980 3479 9762 1427 5578 2878 9414 153 4676 297 398 5986 5929 1155 9879 3374 5615 843 3404 5418
31 207 4349 182 4238 3201 1059 8250 704 6395 2937 472 1256 3286 8144 1796 4045 4829 7844 4815 3327 4853 3976 2073 7469 6848 7139 1877 8712 448 3279 4977
27 4935 8177 4650 3612 593 1787 8897 2489 2542 2083 3742 3892 8611 3923 5962 1094 5299 3567 6760 9944 1844 5143 8202 5728 7280 7319 537
29 9014 9498 1816 5349 5400 5724 167 5446 1821 9308 1290 8047 322 6878 5132 693 4373 8759 4438 5495 8822 410 5649 9572 4936 3451 2031 2249 2587
31 2851 8561 9194 3258 3598 8540 5680 7679 5912 7317 2179 2689 3336 5412 9906 9389 7171 7778 2425 4070 3245 6023 6107 1979 3626 4270 4798 8731 7801 9544 2497
32 102 6671 7011 9378 2535 1260 2024 8375 5079 5302 3234 991 1034 6457 989 9716 14 4509 6288 3248 672 1008 6536 6467 5589 1374 9953 2718 2709 4600 5717 6865
28 78 3628 5903 479 4436 82 4393 5637 3182 8680 1218 2928 9750 7682 9424 3799 5003 6678 342 5203 9610 6702 6103 4367 7746 4224 1928 9873
28 4768 2202 1051 3623 7259 590 4015 2983 2001 9317 7243 1747 9490 5015 2981 2315 4244 5816 1273 3964 1475 5190 9813 2844 1015 9358 3857 4347
27 7584 7382 8654 544 1442 8418 3019 4395 4134 111 6989 6674 2033 1838 4332 7779 3820 3432 6853 7241 7302 3572 37 3493 6305 836 7326
28 9888 2351 7219 8613 1025 4309 4251 3678 5601 2808 5701 3685 2534 9552 998 1050 2227 307 6949 6568 2619 5184 5996 730 1464 7474 8307 7796
29 9435 9764 9743 2916 3992 4181 8176 2531 9975 7660 550 7091 3298 6213 6044 2837 9560 613 6938 5778 4198 5753 6501 7602 1279 9244 3840 7424 9556
27 2209 2713 8710 7384 7798 5182 5360 3528 4938 7765 8573 2897 3464 4277 1571 9427 2087 2665 3029 6109 8716 1061 1509 3328 9971 6240 7911
29 1574 9243 4773 8120 8751 6322 489 6036 1433 5434 9548 2495 6908 5152 8475 9668 4378 6518 5212 9144 8767 6131 5710 1297 894 1404 2544 503 3517
25 4189 3128 3919 4386 2339 3242 8518 110 1899 1650 3502 2428 2549 8599 4893 985 8156 6381 1077 5172 9623 9524 9134 7804 6663
29 8946 4246 7115 7648 5910 8462 80 4348 6344 5603 123 1829 1103 7126 6851 5880 5554 4991 3397 8719 9061 2392 2896 2976 6654 3601 5375 6639 4659
32 934 804 4494 3911 5377 2384 4152 1612 2609 7393 4521 5074 3078 3273 4100 4092 3136 157 8610 1927 5242 7848 4763 6605 5576 3469 2784 9686 8146 7741 3202 9354
27 7426 7642 3878 256 6509 4530 3573 2027 7142 3908 5064 292 9464 1968 1706 7750 4868 7350 8705 827 6420 8902 455 2938 3652 4256 5240
29 9189 6319 1805 1772 2633 289 8564 1904 6793 9006 3545 7071 2153 2014 1892 3920 6991 7829 812 9611 9897 5087 4234 9605 8243 9633 2911 2532 8696
28 1141 5354 9366 8400 3746 4165 9494 3040 8581 7993 8309 833 3817 5282 8255 1063 9598 4800 507 355 3394 1528 6370 5776 7505 7858 5729 9918
28 6229 1247 6003 9785 7992 1430 2642 9986 1064 8993 615 8153 8907 2977 4918 5732 361 9387 2047 9530 6373 7454 114 2778 2105 8501 1533 6730
29 3153 7183 2037 5020 4639 679 996 3984 3724 6690 4941 4720 9497 2577 1936 210 3344 9140 9528 9676 5288 4208 9379 9903 8219 2448 1801 3540 6179
25 4466 1271 6640 540 6351 5210 466 1193 3508 7423 4136 9618 5848 2903 99 8373 5199 4010 4133 7945 5715 4505 2498 7817 9163
29 4052 6245 4824 5258 8108 7327 7981 4247 323 7484 1000 1292 6809 1401 1664 5662 3960 5123 7624 2696 9373 3307 2199 5091 3842 4479 1678 3021 3399
27 1048 8440 4937 9754 4817 3541 6979 6584 5071 3431 9092 394 8426 8095 8972 6940 6649 9758 3428 668 8789 640 1981 2041 6498 3159 7887
31 2805 3384 4259 5185 9836 3557 2992 173 5312 5523 5429 7771 4565 6882 4919 7114 9232 494 9717 9174 1216 1065 7686 1202 5305 3510 7810 4981 6029 3901 7471
29 3423 773 8227 2736 6113 1016 8421 6500 8365 3904 4630 5235 3069 1643 2946 7549 9448 4312 5187 4406 905 246 3140 6477 195 9112 6203 5054 9343
26 6950 5388 1205 9669 9874 5435 7561 8469 878 7958 7300 6272 7702 1054 9734 7365 4812 9875 9137 8405 5735 3655 5359 5161 6235 900
26 5919 9890 9440 7611 9884 8766 1521 9107 1609 4822 8347 5894 7612 522 2324 3073 3837 7141 9985 9396 3749 7498 6022 9285 8416 8402
29 1572 4501 2864 4088 3914 4926 1123 2057 1784 9186 3215 5403 4293 2825 2390 1294 4213 8288 1346 478 483 3395 2575 2437 9082 4412 8640 7886 722
28 6392 2648 1768 3560 2479 6767 6554 7061 7240 4785 995 7753 9809 8115 7005 5727 2219 7437 2026 6394 9663 9715 5180 8823 12 1270 2786 3748
26 4960 2711 1704 5112 6620 9640 2519 8569 1882 5146 4638 6672 2502 7247 2576 5519 633 8720 7373 3597 2579 1857 4366 9579 2059 9860
28 8097 5703 4060 7380 3866 6123 8727 7960 1730 7462 8296 1085 5820 5356 5614 1073 9230 1026 5363 7501 6239 2340 6077 2264 6153 2789 4516 2518
25 9371 7015 3476 1024 6504 941 3651 1007 1189 9482 7941 6298 5379 5924 6962 7410 7333 454 6019 7339 7977 6761 7156 7938 124
31 1769 1187 2607 2954 2399 1417 3139 6262 2346 8718 3830 4145 5687 4443 1172 5438 8925 3983 3343 8401 9653 1684 6020 3933 4569 5665 2537 5734 120 7947 647
29 152 1512 6888 8875 3763 7575 5542 5368 7110 1174 7105 6586 5281 3251 6006 2372 7795 7881 9567 4618 6132 5743 3725 4324 607 3459 5882 6008 825
25 660 1359 1976 2640 7147 7865 1340 5862 4559 353 8931 4081 664 8276 6400 8379 8856 1162 5445 2376 1254 1975 4257 7608 3876
30 6808 482 3482 1410 8074 6995 2394 6299 4273 4880 4095 9110 6224 3360 3778 2973 4633 5540 5026 1224 7314 5164 2932 8430 9167 6040 426 5780 9968 5988
26 4071 1125 9685 659 1961 7375 9235 9880 7703 5781 636 1102 6836 6365 3129 4321 1652 5061 7170 155 8633 8606 717 4973 6435 5987
29 6424 2163 7297 5973 598 2036 3722 2673 4350 9044 7024 4579 4021 3094 4420 4471 5373 4240 5688 244 3843 1703 7452 8622 2398 6818 5548 4940 5208
29 5057 9443 3551 854 5751 1380 1229 3871 9495 437 4396 7336 4101 2998 4161 3753 2187 6146 354 1884 1334 6834 988 1372 4850 2269 7164 8916 2925
30 1587 8184 6497 915 4802 6407 6718 9803 3090 9267 4856 2547 3058 6976 5080 5808 9430 6075 6170 5810 8643 2641 2102 2363 1318 4105 9767 2670 2215 6625
30 5046 4474 2482 4455 5658 6255 4252 4231 6902 5315 9436 594 5533 2790 376 8901 5378 1537 7217 8186 6900 8397 4253 9550 2483 7583 7192 9452 9882 2507
30 8849 8372 436 7689 7020 2239 9027 9665 7201 7441 8687 7330 2924 359 3771 863 278 5622 7500 3088 4023 6691 1722 6116 349 8542 5398 5374 8589 4625
32 9111 1130 4807 2715 7699 6815 5610 5850 1802 9442 7036 5420 5852 7025 1963 9283 5648 7994 8113 944 7293 3691 6694 5624 2732 1958 2706 166 966 5836 2367 3595
33 13 957 191 2971 5333 2768 3783 975 8812 1120 1545 569 9466 3807 6772 2225 8990 7159 9046 7879 4441 5047 4709 3980 4209 5234 9221 9667 8782 6161 9296 6088 9307
32 6197 2517 6062 9251 6410 1257 1677 5742 4017 9274 9917 5770 6486 9501 1856 6742 2475 3928 5186 9473 1757 7716 1388 2476 9631 4038 7119 2703 9422 2431 6017 2388
27 4764 3503 1100 3295 4784 7728 5348 3625 6328 9737 7409 1825 6378 8007 9570 8226 5640 631 4285 7311 2545 2360 7332 6532 6755 8514 5644
28 7937 5383 5608 5886 8625 3410 1923 4722 1302 9531 2511 718 2948 954 1894 9197 8139 1720 7573 9269 8275 6335 8522 731 8011 7631 3829 6804
26 9714 2146 286 9117 9933 1429 7180 5619 5506 4889 6225 5818 5869 32 7033 1047 5205 508 5676 9036 7052 4407 8776 1323 9724 9577
27 4974 7569 3932 9382 571 2569 3669 9571 4190 4792 7209 7863 7429 5691 2800 9931 4934 1403 4305 8380 2443 826 7342 8110 3072 8583 4594
34 3590 5756 8434 9227 2472 3396 9515 3881 1593 9439 1603 4055 6412 38 6456 1128 861 2683 4351 4072 2727 9624 8367 6528 3077 9541 9086 5380 6251 6059 8272 3589 2386 1363
29 602 352 3630 5669 6150 4227 8865 7800 4874 7835 1402 9250 8814 5504 6321 9852 3293 6083 6789 4770 8473 7920 8342 699 7604 5685 6626 3444 7917
29 9321 8724 2847 1531 7636 1197 6657 3997 8005 6847 4497 9993 3834 6719 9256 6483 8223 6539 5422 4357 272 7862 6771 7754 4337 5231 3138 2957 1637
24 4141 6770 7120 8872 158 7361 380 871 9035 6098 4599 6337 6670 7888 9070 9239 9028 8229 4210 1583 2214 8081 1916 1397
25 7576 1040 8503 8833 4304 939 2322 8876 2055 644 3246 1142 5646 8370 9709 2344 3690 7067 9493 4484 942 6356 3959 9018 5921
29 570 5673 7639 7031 7014 8273 5478 9533 530 4446 4665 3194 2076 8248 5450 2882 8758 8984 9521 5788 1663 6254 661 2962 8660 8891 4832 6480 4678
32 962 7132 4392 2152 6493 7367 8439 1588 8281 9485 6615 8874 9919 4689 3010 8137 4120 5565 4570 7813 3162 7447 148 7420 786 2210 3483 4908 7791 6637 1727 447
25 7883 3701 4529 238 2774 9324 1671 7925 7000 2520 8038 2077 2226 9021 7823 7732 4854 7 8354 1018 7998 9962 9064 869 3642
28 4065 4390 9200 6983 1448 8991 6167 4745 6535 8477 4064 4547 5427 8254 6226 9040 8843 2321 4451 2750 3564 315 5341 3424 8100 3758 6898 7417
28 5465 4671 4766 8481 8890 3536 6618 6205 8641 7401 3743 7377 9116 6388 8436 245 7898 7999 7208 8795 9519 9972 8192 3547 4841 7470 9847 3952
28 7633 5535 8870 6363 7985 5313 6658 760 8645 2788 7815 2474 3488 7077 559 5758 1606 8082 8056 864 401 293 752 2990 1263 9003 4707 711
28 7662 2563 3533 9492 2169 3707 9258 8526 9898 9853 2320 2426 907 9694 5006 3978 9683 1450 7398 3115 2529 5039 3112 4646 9476 7726 3580 6055
24 8099 4759 2604 4909 1758 8046 9467 2499 5502 6666 4564 6646 7310 1383 64 5733 657 433 3689 7666 5702 5536 9697 6575
26 9488 3265 6687 288 5251 4302 1998 7316 2552 753 1908 2262 6024 4218 5786 2216 8563 7819 8738 8706 4108 3727 439 8784 1315 7456
32 4753 3240 4066 8286 1614 4834 6766 703 883 266 7305 9908 5442 228 7001 7831 6451 7700 756 3973 9746 1775 8863 3538 5019 3447 3559 8343 9143 4695 5779 6051
29 7914 9328 551 5298 4391 2359 5916 1194 2183 9812 3453 7118 8761 7515 6376 5001 7231 100 5616 1513 543 7073 5657 9582 2357 4674 8683 7641 2107
29 8346 2583 26 3844 5066 7637 2868 7356 6160 3105 7802 5834 8775 382 2527 4232 9419 3184 5750 8664 5992 9608 3163 692 9535 951 2585 277 7215
29 7148 1539 4765 1066 4400 605 4858 7379 8349 8541 3989 1435 8189 6253 9177 5652 8461 6712 9730 463 5625 8382 2597 9523 4811 7029 4699 5851 9827
28 3363 4469 5967 6864 2145 1210 6868 35 9315 8506 468 3362 7400 8335 2743 5104 3662 4453 1426 4781 5684 5221 6141 6136 5215 5667 3038 4964
26 4322 6791 3534 2293 8765 8746 8022 177 4174 5592 9728 6085 7792 7692 3250 5730 6617 9487 3718 7051 4859 9301 9557 6867 145 5410
29 7427 8644 1035 2365 7752 5968 8966 2258 4377 8000 6567 6357 4032 2900 3269 7058 8732 9047 8155 9345 3252 6372 5902 5120 5812 4580 3985 1638 511
28 4804 3877 9361 4917 6556 5228 4672 5301 6385 1104 8245 3553 9833 7104 1145 982 8960 6963 3276 1116 1324 8126 2883 1287 2819 8376 9580 9802
29 5777 2335 9522 1926 462 5144 3847 6112 8042 6256 2412 5611 6406 3220 8621 9823 1654 705 4786 7825 2347 4912 6548 8836 7517 5747 5845 2901 1993
29 746 280 7720 271 350 9454 6966 7408 8442 435 2064 4641 5793 5304 5417 9118 5956 7248 481 4086 9901 2515 7497 9399 8929 5294 7261 9786 6596
30 4852 6956 4949 4797 6482 3518 4156 2236 3949 1245 8235 3167 1096 2373 9628 8938 198 1552 5546 8497 241 2112 3178 4462 6631 6325 2999 4422 1946 2254
26 654 7030 8017 3855 2323 4673 6547 8638 2230 3548 9370 1498 2845 623 6492 3824 6964 5641 3862 4342 7714 7508 6798 9094 3422 697
26 138 3169 5537 9397 5522 4323 4809 8377 6230 7473 5998 1933 1962 5839 7053 8707 1732 4399 5853 97 8030 3154 2257 2523 7399 7775
28 1965 2698 328 7694 422 9719 8970 7896 5739 3304 4163 4844 2539 5063 3199 1905 96 2309 1252 7940 1982 9348 714 20 5918 7772 7654 9784
28 9543 8085 528 7969 3898 3733 3049 3300 6919 3158 1074 6287 5289 3798 2589 475 318 5642 5957 7283 1394 2773 6917 1546 3237 4437 5930 6614
26 1577 8205 2263 9627 6731 7891 926 4500 5311 9964 781 2082 1667 2872 6930 9659 1625 4333 7954 7659 754 7711 453 2881 5897 7134
30 8057 7760 846 3471 5675 9073 6421 1165 1542 8463 9425 2009 1045 6948 9902 8362 3677 379 3740 842 3737 9807 9319 7818 3578 5629 1634 937 2850 2494
28 9988 9288 9913 1021 429 9817 3292 81 4550 5935 6015 1526 6773 6684 4371 9673 1977 4191 759 3000 3750 5316 1869 2964 1449 2776 5216 4644
28 2265 9695 1037 2195 1575 675 9406 4953 1555 5133 8253 5352 1870 6892 6433 6432 4704 5060 9511 742 658 1234 3823 4426 8770 9293 9645 8629
26 1386 6001 4507 3064 5460 7715 1243 5296 230 2030 7939 1695 1280 5833 1413 9066 7189 6759 8198 1084 3736 5004 3994 6619 6159 9109
28 1109 4260 8432 6168 9621 6005 1969 6990 5376 2194 8123 5297 7706 5428 7346 8787 1456 52 8396 1286 6199 7814 4536 8127 7523 6784 6157 4539
29 2378 3756 6597 7871 8118 8733 2395 3346 3170 8840 9771 5329 7949 3317 4748 264 8975 5154 2133 6863 9401 8312 3509 1447 4450 6783 1655 3062 5269
29 3123 3681 3643 1809 215 5 4313 311 358 1683 4047 5169 3127 6829 1461 7587 5827 8847 7040 5458 5094 8059 9486 7595 2311 8582 2493 9255 7527
31 2672 6021 3772 5115 9128 6275 2279 6427 8001 9994 893 4435 4696 683 1137 6530 7129 2118 3089 5321 8136 8922 5719 3219 2248 6533 3311 491 7921 5204 2659
28 5500 5130 2554 4311 3757 1042 572 2021 219 6609 7811 5249 8345 5122 8578 2364 2792 9626 2941 8138 8086 3624 8451 7717 8068 2716 7805 5738
26 2417 1285 9699 8950 8237 1441 2242 9350 3544 3313 881 6145 9068 5265 7146 6438 3004 5468 4675 9652 7524 486 9041 796 6564 4915
28 8709 9662 7402 7458 3442 8693 9537 7878 4079 1092 8943 686 5497 729 3514 367 4051 8023 5246 9195 2605 9331 8690 5386 9916 4965 7907 3116
27 5062 1030 5197 8356 9811 9263 5166 6437 8848 7374 9412 8734 5259 8341 4280 5594 5692 1087 8021 7182 2162 5575 978 4947 3366 3530 3818
27 1641 5532 4279 3417 5714 6212 3802 6860 9842 3315 564 4382 2632 3458 4555 8429 8459 4508 9210 2729 8533 8987 6821 7004 5007 3006 1154
28 8551 5939 281 6973 2147 1854 1657 3912 8206 6918 8294 8591 5840 8140 635 7834 4085 4742 8869 8048 4772 6517 3478 2063 7094 9723 3913 9154
24 4077 3782 9470 7026 6481 8634 7944 5556 8517 1620 9921 4988 1960 5854 6624 2466 8336 1619 1949 9318 6076 4820 6496 2634
28 7324 9791 6635 5829 375 6280 319 743 4997 5192 4284 6993 568 8051 6078 6725 7963 7504 366 5824 9364 7618 509 31 6068 3074 6810 1911
31 4398 3075 8125 6928 2350 8063 2144 6125 6746 6634 499 1121 1082 4374 2188 865 430 2010 2508 2108 8119 6527 1563 6034 364 3070 1277 8803 2501 2902 3531
31 666 4662 656 6748 5181 4408 8257 2637 4356 670 1259 4204 3606 116 2354 9060 5443 5394 583 7064 7780 2438 7892 1633 8554 6920 9023 637 4923 9799 592
26 3511 8927 6030 229 15 8798 5887 7468 1693 1837 1754 9216 9309 5230 7013 9209 1156 7510 176 7137 2503 6209 7734 1812 4380 4956
30 3815 994 8415 9732 6910 919 2710 3243 8476 9815 3191 7554 6780 918 8329 514 3068 1955 4987 1992 6194 7204 1481 6911 6499 2478 2571 9748 6038 2436
28 6603 4794 3659 1080 6869 2295 6105 2762 4452 9338 9818 7195 5828 9081 3028 7893 1382 3535 2702 3999 162 506 7987 2109 2927 7100 3008 6806
26 2182 8678 9755 3405 7952 9989 2687 2281 7455 9526 7007 9455 4756 7676 4261 8674 3189 3087 1966 9508 6797 1543 3779 5774 9838 7577
31 4760 9696 7006 9584 6935 3950 2965 6985 2644 3439 6854 5278 6715 70 6354 2780 6063 4128 6220 1828 6387 1940 7434 5932 8045 6833 7090 8959 1484 4364 5666
28 445 6557 9942 7529 9459 1421 2049 1689 9457 2415 5530 8859 3174 8185 6749 5972 6968 461 8054 6987 9275 2875 8169 1957 3940 7930 6722 2561
29 7828 6668 6200 7394 6925 8445 3267 956 2433 2961 7390 3228 2647 1436 6026 984 3961 7803 4596 7961 761 4606 9132 8287 9881 9642 1550 3403 8194
29 3236 3209 6265 747 4151 6681 740 4387 5911 4062 9793 3975 7701 9091 7556 2951 6050 3852 3566 6934 4744 8157 8302 2862 9904 1607 8268 8479 3767
28 9282 3991 6250 9612 9937 682 3619 3299 9084 7045 5035 4533 4179 2759 5718 2888 2419 5899 6039 6247 6645 267 7799 2618 253 1022 7362 9478
27 9925 8406 4757 8234 7621 7988 6978 2707 5189 8623 67 8020 6873 7238 388 4609 9083 7160 6122 5145 7101 4008 9934 451 3218 2879 6835
30 4473 750 9820 9506 5612 2746 555 4950 2541 1839 6572 6185 1861 2040 799 4199 4424 7155 4645 599 7956 9298 6080 7440 3859 9320 3607 2380 1690 470
30 5798 6257 8492 1192 9219 5086 4983 3091 8076 1028 4363 9368 7935 6115 6508 6398 2185 4538 7273 5357 4719 6469 8301 1699 9950 7411 5870 9869 8387 4171
29 9215 8472 6093 2 9190 5058 9362 1083 392 7503 7525 5766 2019 4448 2125 6726 1161 1578 2723 3372 6383 1362 9859 2282 9124 7788 9113 9444 3107
30 6669 4057 6155 3331 8575 2391 8553 927 1897 6472 3925 8562 7157 125 639 4845 6877 6045 4359 5179 5866 8163 5140 7048 1518 1939 1105 6404 5877 8799
30 2993 8383 2005 9052 9967 4314 2429 5323 3079 9393 8182 8150 3280 7466 310 609 1847 9595 101 4103 8626 3012 9722 2824 3729 5864 5466 396 3024 2719
29 7995 4122 8829 7625 4030 5857 2674 943 5384 8499 8008 8455 3812 6591 7102 4819 6946 7628 8868 154 6071 1646 351 8515 5950 7843 1313 6561 3375
30 6845 625 7448 3149 5226 8884 8954 4514 6057 3711 9153 391 6252 8616 4985 1721 1662 5775 1886 226 5463 9142 7250 7933 1841 8058 9900 4548 8216 7534
33 1472 8246 8026 291 1913 4093 93 4205 8700 8603 4857 9127 5699 1920 6176 9800 7199 1819 3213 8210 3602 5150 992 1343 7391 1529 2694 8994 573 4590 3305 6969 7341
30 9155 9850 1590 7109 1220 53 8050 3587 1810 8316 4542 6171 6849 8604 9278 9672 2006 9810 3927 8034 2684 7083 2458 4558 6273 4959 5795 5787 3918 2611
27 3256 8152 5740 1863 2085 589 7347 1888 3018 7847 8284 7072 5191 3814 4482 6739 4499 2688 129 2190 735 3752 4666 2054 7002 4235 1508
28 3145 7794 8740 4239 3735 9484 2221 4524 6944 4831 5382 872 2316 3944 6418 4340 9596 4162 3263 7226 9313 2074 4741 344 8077 6371 2956 694
31 993 4805 4170 8778 9120 9678 9504 8873 1127 3254 2799 4774 4515 6941 628 8378 9453 492 3890 7635 2272 8208 6525 7254 5250 1900 6431 9148 4197 7764 2296
30 9340 2830 5245 4214 8906 7773 8093 9675 2843 525 2763 4212 7340 5367 5800 8926 1536 386 247 7495 5745 9206 8179 9277 1947 2094 3197 1345 8631 9600
30 558 8468 4870 9286 4716 7176 164 7278 8723 9883 790 6893 403 5600 6345 8490 8283 6180 7808 4706 7357 7041 4939 5449 6583 9170 8830 2807 977 3227
27 2452 7487 7695 5129 7279 9462 1322 1098 4489 4019 1371 5108 3568 6692 2741 449 9674 5931 7685 1478 8326 7601 8002 4682 340 8470 6246
25 671 7205 1842 9940 421 4677 8933 793 7415 4684 9703 8538 1544 1223 3692 7546 1341 5636 2172 1041 9193 5560 6052 5698 8964
28 4661 1660 523 5077 7161 2860 5860 6411 7840 383 619 2590 3131 3849 8384 9796 5076 5487 4752 3337 5414 9305 8160 1479 79 556 7747 3386
26 4616 698 9441 736 8193 2912 8791 1549 9363 7645 2699 5411 9002 9122 3971 4035 9005 5165 5364 1953 3586 7457 8708 5650 4586 7178
27 2636 1925 9568 9984 434 9963 6816 4969 2679 3865 9093 2052 9051 8371 9334 8348 7385 2945 4847 7225 6035 1355 1514 8763 9759 1820 6650
30 7822 6425 5345 7323 9115 3186 7777 8642 6268 6191 1585 3879 9207 1353 5978 2697 9647 2988 6043 9843 7594 8388 3426 8955 7991 1629 561 764 9510 6207
30 395 2297 7358 7552 9384 8697 6794 9223 674 2624 8013 384 7785 8665 2235 1146 9344 4883 2245 9706 2827 4491 6144 9680 6659 6709 2848 1540 7655 5065
27 8407 9538 2890 1067 8083 952 5783 4298 1420 4388 1431 822 1935 6114 7276 4139 5958 6249 1850 3097 9265 2421 7019 4961 8880 8062 6216
30 9872 8948 3698 8438 2555 3036 8754 3103 8249 6296 7727 54 8801 5162 3974 6228 9312 2432 6494 646 4016 3230 4485 7287 5582 5805 9987 4714 6942 6164
27 6190 1831 108 1520 9752 3318 662 2477 925 4888 9760 6813 6206 406 4157 4080 3869 3728 9801 2366 8531 3996 9032 2942 788 8351 8009
30 2823 9054 5476 4966 3323 6016 1300 5784 1012 9339 9835 7122 1915 8435 7739 3495 8129 2200 2625 1164 8612 7057 423 1031 1718 4615 4840 7729 2969 8096
31 5552 6227 9992 2876 779 7249 5693 9546 1440 8251 2538 4243 8855 8639 5093 5270 2979 6384 6628 5651 5923 9000 6259 1827 2336 4721 8018 5430 2306 265 6787
28 1753 2785 7929 5116 2101 8239 2536 7675 135 8862 8821 4583 305 4421 4129 263 1013 2070 8016 3017 4932 6316 7376 1470 2567 5678 1653 7021
29 6638 4236 2813 3781 6445 7436 9955 9753 5757 5277 9254 8760 8889 4612 4602 8031 7737 538 8684 1379 4142 3206 4620 9335 8695 9828 9505 1268 8311
25 8595 3704 2442 4957 4123 5201 1306 6037 9575 4456 8278 9736 7044 6119 3376 2886 8800 4663 5922 7967 8777 9001 4998 6598 4901
30 2652 8896 3383 3618 1278 2343 4192 8368 134 9240 6523 1423 546 8857 7990 2724 8886 9390 1416 4838 5464 6232 6549 7444 7055 197 1834 41 5317 9768
28 3233 2996 4754 8919 9966 2906 2966 7668 1750 3430 4292 1395 916 3034 5695 9119 9893 6476 9432 6297 6805 4463 9637 6327 1288 1150 946 5723
31 3902 8453 3288 6578 7331 3845 4887 7910 4642 980 5183 1118 7761 1708 3407 7056 1879 3684 999 2407 1338 3550 7507 151 6801 8510 6534 427 3522 7850 4978
26 601 9038 1330 5696 684 8328 6436 9889 8089 6434 1934 6721 7557 7758 5539 8269 1201 9775 5785 8647 7868 5173 7968 2594 126 3634
28 8315 9417 68 8282 4250 3225 3556 5084 7135 560 6814 4825 6665 3942 5804 4207 762 3615 46 7266 5792 6139 1790 105 4291 4762 1473 3285
27 9742 7175 49 8699 1217 9238 4487 3388 8466 1724 2463 9824 8489 8982 5628 923 9783 8817 6642 7465 4319 1538 638 9463 6633 5227 2084
30 9284 27 9591 7724 8162 1076 2920 9936 9059 1777 1132 1692 8318 1618 9769 1135 8908 6953 3880 5444 8704 8676 5872 88 5527 3168 2273 6587 496 6491
29 9211 4922 2649 2305 3582 1644 6292 7149 7880 2274 7419 3797 8892 7312 7491 2581 299 3885 4187 9644 7565 3309 9536 4884 3014 7214 5481 4419 7368
28 8090 8669 7574 8134 4896 3907 3122 9356 3281 6473 7304 8258 4168 8939 5027 4109 8773 1780 4861 2127 1814 2856 5101 8306 1227 5960 5953 8465
28 7609 5846 6970 5632 5117 784 4486 8620 4185 1980 9012 7983 6018 1661 1535 7218 8866 2596 7366 139 4242 898 441 892 7050 3697 7270 6627
26 1466 8404 6931 7638 1700 9907 3205 6215 1307 4782 2148 1761 1636 8087 2806 3244 8098 7786 7193 1782 6661 2812 5711 4274 7537 2338
