468
8
286
15
236
20
127
22
775
27
125
28
993
51
553
83
162
88
472
91
40
94
288
108
947
109
820
113
242
114
19
118
561
154
701
179
195
196
436
197
581
204
78
241
329
260
145
262
661
263
847
289
899
294
103
314
744
344
153
372
721
408
87
409
320
416
414
469
588
470
105
471
723
488
67
497
200
511
11
521
318
543
629
546
149
550
99
557
509
567
23
615
732
638
937
728
249
745
451
771
818
779
995
796
957
802
962
814
936
837
38
10
725
13
606
101
525
155
758
201
572
216
183
243
277
247
255
300
89
367
873
381
848
386
26
387
138
402
313
415
217
461
339
468
160
475
115
481
789
508
539
513
591
522
924
620
394
623
502
670
912
751
392
817
551
846
939
856
645
867
619
964
605
81
450
130
139
133
5
166
942
231
341
296
169
360
473
423
756
433
34
457
803
467
861
479
761
494
585
616
755
644
309
729
746
792
988
855
25
858
707
881
404
93
50
129
181
144
677
167
799
188
716
292
544
305
413
330
654
530
382
614
244
641
760
643
735
688
715
697
454
705
795
712
622
801
534
900
749
953
369
6
743
18
211
173
776
189
982
272
609
290
997
355
815
365
977
554
388
570
951
844
31
870
885
920
739
952
559
970
575
61
364
123
806
126
832
168
896
172
182
229
256
233
455
250
92
278
219
400
407
465
541
501
90
669
865
769
482
876
504
930
972
978
722
46
770
59
490
62
576
116
327
140
98
177
835
212
624
222
514
240
147
271
270
280
986
319
376
331
336
440
719
464
480
529
345
628
261
640
676
656
805
709
975
759
797
816
389
839
95
850
275
875
214
882
251
908
950
911
150
918
994
990
612
57
675
77
350
131
12
174
704
215
566
224
484
248
70
315
474
335
281
337
202
356
992
377
781
425
49
489
617
607
662
636
889
637
401
658
866
690
665
692
765
698
302
702
348
713
604
720
209
785
901
793
203
809
921
819
679
822
528
823
4
874
424
897
137
74
368
235
519
323
923
340
778
441
894
738
996
788
429
829
878
898
279
190
383
306
703
427
199
496
825
506
334
568
926
